<?xml version="1.0" encoding="UTF-8"?>
<testsuite xmlns:xsi="http://www.w3.org/2001/XMLSchema-instance" xsi:schemaLocation="https://maven.apache.org/surefire/maven-surefire-plugin/xsd/surefire-test-report.xsd" name="TestSuite" time="410.278" tests="8" errors="0" skipped="0" failures="6">
  <properties>
[...]
</properties>
  <testcase name="Test2" classname="FirstMavenProject.FirstMavenProject.LoginFeature" time="9.281"/>
  <testcase name="Test1" classname="FirstMavenProject.FirstMavenProject.LoginFeature" time="18.645"/>
  <testcase name="Test1" classname="FirstMavenProject.FirstMavenProject.CreateTask" time="30.315">
    <failure message="fail to select item expected [true] but found [false]" type="java.lang.AssertionError">java.lang.AssertionError: fail to select item expected [true] but found [false]
	at FirstMavenProject.FirstMavenProject.CreateTask.Test1(CreateTask.java:42)
</failure>
    <system-out><![CDATA[label March 2017
row count 11
column count 6
 
  April 2019
 
 
April 2019
 
 
column count 3
 
April 2019
 
column count 43
M
T
W
T
F
S
S
25
26
27
28
29
30
31
1
2
3
4
5
6
7
8
9
10
11
12
13
14
15
16
17
18
19
20
21
22
23
24
25
26
27
28
29
30
1
2
3
4
5
25
26
27
28
29
30
31
1
2
3
4
5
6
7
8
9
10
11
12
13
14
15
16
17
18
19
20
21
22
org.openqa.selenium.InvalidSelectorException: Given css selector expression "td" is invalid: TypeError: can't access dead object
For documentation on this error, please visit: http://seleniumhq.org/exceptions/invalid_selector_exception.html
Build info: version: '3.3.1', revision: '5234b325d5', time: '2017-03-10 09:10:29 +0000'
System info: host: 'AKHIL', ip: '192.168.1.64', os.name: 'Windows 10', os.arch: 'amd64', os.version: '10.0', java.version: '1.8.0_121'
Driver info: org.openqa.selenium.firefox.FirefoxDriver
Capabilities [{rotatable=false, raisesAccessibilityExceptions=false, appBuildId=20170125094131, version=51.0.1, platform=XP, proxy={}, command_id=1, specificationLevel=0, acceptSslCerts=false, processId=10792, browserVersion=51.0.1, platformVersion=10.0, XULappId={ec8030f7-c20a-464f-9b0e-13a3a9e97384}, browserName=firefox, takesScreenshot=true, takesElementScreenshot=true, platformName=windows_nt}]
Session ID: 007c866c-a72a-4654-848f-cb4ffeae3550
*** Element info: {Using=tag name, value=td}
]]></system-out>
    <system-err><![CDATA[[Child 11292] ###!!! ABORT: Aborting on channel error.: file c:/builds/moz2_slave/m-rel-w32-00000000000000000000/build/src/ipc/glue/MessageChannel.cpp, line 2056
Mar 15, 2017 10:05:10 AM org.openqa.selenium.os.UnixProcess destroy
SEVERE: Unable to kill process with PID 4528
1489552510554	geckodriver	INFO	Listening on 127.0.0.1:23465
1489552511059	mozprofile::profile	INFO	Using profile path C:\Users\AKHIL\AppData\Local\Temp\rust_mozprofile.Hcb69QpiDuul
1489552511107	geckodriver::marionette	INFO	Starting browser C:\Program Files (x86)\Mozilla Firefox\firefox.exe
1489552511125	geckodriver::marionette	INFO	Connecting to Marionette on localhost:50471
1489552517669	Marionette	INFO	Listening on port 50471
Mar 15, 2017 10:05:24 AM org.openqa.selenium.remote.ProtocolHandshake createSession
INFO: Detected dialect: W3C
1489552535167	Marionette	WARN	Using deprecated data structure for setting timeouts
1489552544367	Marionette	WARN	Using deprecated data structure for setting timeouts
1489552559917	Marionette	WARN	Using deprecated data structure for setting timeouts
]]></system-err>
  </testcase>
  <testcase name="Test2" classname="FirstMavenProject.FirstMavenProject.CreateTask" time="28.334">
    <failure message="fail to select item expected [true] but found [false]" type="java.lang.AssertionError">java.lang.AssertionError: fail to select item expected [true] but found [false]
	at FirstMavenProject.FirstMavenProject.CreateTask.Test2(CreateTask.java:58)
</failure>
    <system-out><![CDATA[label March 2017
row count 11
column count 6
 
  April 2019
 
 
April 2019
 
 
column count 3
 
April 2019
 
column count 43
M
T
W
T
F
S
S
25
26
27
28
29
30
31
1
2
3
4
5
6
7
8
9
10
11
12
13
14
15
16
17
18
19
20
21
22
23
24
25
26
27
28
29
30
1
2
3
4
5
25
26
27
28
29
30
31
1
2
3
4
5
6
7
8
9
10
11
12
13
14
15
16
17
18
19
20
21
22
org.openqa.selenium.InvalidSelectorException: Given css selector expression "td" is invalid: TypeError: can't access dead object
For documentation on this error, please visit: http://seleniumhq.org/exceptions/invalid_selector_exception.html
Build info: version: '3.3.1', revision: '5234b325d5', time: '2017-03-10 09:10:29 +0000'
System info: host: 'AKHIL', ip: '192.168.1.64', os.name: 'Windows 10', os.arch: 'amd64', os.version: '10.0', java.version: '1.8.0_121'
Driver info: org.openqa.selenium.firefox.FirefoxDriver
Capabilities [{rotatable=false, raisesAccessibilityExceptions=false, appBuildId=20170125094131, version=51.0.1, platform=XP, proxy={}, command_id=1, specificationLevel=0, acceptSslCerts=false, processId=2836, browserVersion=51.0.1, platformVersion=10.0, XULappId={ec8030f7-c20a-464f-9b0e-13a3a9e97384}, browserName=firefox, takesScreenshot=true, takesElementScreenshot=true, platformName=windows_nt}]
Session ID: 6de817b3-4066-484f-8bff-3323c8dec135
*** Element info: {Using=tag name, value=td}
]]></system-out>
    <system-err><![CDATA[[Child 3044] ###!!! ABORT: Aborting on channel error.: file c:/builds/moz2_slave/m-rel-w32-00000000000000000000/build/src/ipc/glue/MessageChannel.cpp, line 2056
Mar 15, 2017 10:06:07 AM org.openqa.selenium.os.UnixProcess destroy
SEVERE: Unable to kill process with PID 11800
1489552567627	geckodriver	INFO	Listening on 127.0.0.1:43521
1489552568052	mozprofile::profile	INFO	Using profile path C:\Users\AKHIL\AppData\Local\Temp\rust_mozprofile.bpJZ12jlYIjB
1489552568069	geckodriver::marionette	INFO	Starting browser C:\Program Files (x86)\Mozilla Firefox\firefox.exe
1489552568099	geckodriver::marionette	INFO	Connecting to Marionette on localhost:50738
1489552576870	Marionette	INFO	Listening on port 50738
Mar 15, 2017 10:06:23 AM org.openqa.selenium.remote.ProtocolHandshake createSession
INFO: Detected dialect: W3C
1489552594360	Marionette	WARN	Using deprecated data structure for setting timeouts
1489552603270	Marionette	WARN	Using deprecated data structure for setting timeouts
1489552617277	Marionette	WARN	Using deprecated data structure for setting timeouts
]]></system-err>
  </testcase>
  <testcase name="Test3" classname="FirstMavenProject.FirstMavenProject.CreateTask" time="29.16">
    <failure message="fail to select item expected [true] but found [false]" type="java.lang.AssertionError">java.lang.AssertionError: fail to select item expected [true] but found [false]
	at FirstMavenProject.FirstMavenProject.CreateTask.Test3(CreateTask.java:90)
</failure>
    <system-out><![CDATA[label March 2017
row count 11
column count 6
 
  April 2019
 
 
April 2019
 
 
column count 3
 
April 2019
 
column count 43
M
T
W
T
F
S
S
25
26
27
28
29
30
31
1
2
3
4
5
6
7
8
9
10
11
12
13
14
15
16
17
18
19
20
21
22
23
24
25
26
27
28
29
30
1
2
3
4
5
25
26
27
28
29
30
31
1
2
3
4
5
6
7
8
9
10
11
12
13
14
15
16
17
18
19
20
21
22
org.openqa.selenium.InvalidSelectorException: Given css selector expression "td" is invalid: TypeError: can't access dead object
For documentation on this error, please visit: http://seleniumhq.org/exceptions/invalid_selector_exception.html
Build info: version: '3.3.1', revision: '5234b325d5', time: '2017-03-10 09:10:29 +0000'
System info: host: 'AKHIL', ip: '192.168.1.64', os.name: 'Windows 10', os.arch: 'amd64', os.version: '10.0', java.version: '1.8.0_121'
Driver info: org.openqa.selenium.firefox.FirefoxDriver
Capabilities [{rotatable=false, raisesAccessibilityExceptions=false, appBuildId=20170125094131, version=51.0.1, platform=XP, proxy={}, command_id=1, specificationLevel=0, acceptSslCerts=false, processId=12148, browserVersion=51.0.1, platformVersion=10.0, XULappId={ec8030f7-c20a-464f-9b0e-13a3a9e97384}, browserName=firefox, takesScreenshot=true, takesElementScreenshot=true, platformName=windows_nt}]
Session ID: 933433a3-7357-4bda-abfe-ca52d0222994
*** Element info: {Using=tag name, value=td}
]]></system-out>
    <system-err><![CDATA[[Child 3492] ###!!! ABORT: Aborting on channel error.: file c:/builds/moz2_slave/m-rel-w32-00000000000000000000/build/src/ipc/glue/MessageChannel.cpp, line 2056
Mar 15, 2017 10:07:04 AM org.openqa.selenium.os.UnixProcess destroy
SEVERE: Unable to kill process with PID 9372
1489552624797	geckodriver	INFO	Listening on 127.0.0.1:45931
1489552625236	mozprofile::profile	INFO	Using profile path C:\Users\AKHIL\AppData\Local\Temp\rust_mozprofile.OWQG0Heur1xt
1489552625306	geckodriver::marionette	INFO	Starting browser C:\Program Files (x86)\Mozilla Firefox\firefox.exe
1489552625319	geckodriver::marionette	INFO	Connecting to Marionette on localhost:51007
1489552629080	Marionette	INFO	Listening on port 51007
Mar 15, 2017 10:07:14 AM org.openqa.selenium.remote.ProtocolHandshake createSession
INFO: Detected dialect: W3C
1489552644964	Marionette	WARN	Using deprecated data structure for setting timeouts
1489552654432	Marionette	WARN	Using deprecated data structure for setting timeouts
1489552668658	Marionette	WARN	Using deprecated data structure for setting timeouts
]]></system-err>
  </testcase>
  <testcase name="Test4" classname="FirstMavenProject.FirstMavenProject.CreateTask" time="28.867">
    <failure message="fail to select item expected [true] but found [false]" type="java.lang.AssertionError">java.lang.AssertionError: fail to select item expected [true] but found [false]
	at FirstMavenProject.FirstMavenProject.CreateTask.Test4(CreateTask.java:74)
</failure>
    <system-out><![CDATA[label March 2017
row count 11
column count 6
 
  April 2019
 
 
April 2019
 
 
column count 3
 
April 2019
 
column count 43
M
T
W
T
F
S
S
25
26
27
28
29
30
31
1
2
3
4
5
6
7
8
9
10
11
12
13
14
15
16
17
18
19
20
21
22
23
24
25
26
27
28
29
30
1
2
3
4
5
25
26
27
28
29
30
31
1
2
3
4
5
6
7
8
9
10
11
12
13
14
15
16
17
18
19
20
21
22
org.openqa.selenium.InvalidSelectorException: Given css selector expression "td" is invalid: TypeError: can't access dead object
For documentation on this error, please visit: http://seleniumhq.org/exceptions/invalid_selector_exception.html
Build info: version: '3.3.1', revision: '5234b325d5', time: '2017-03-10 09:10:29 +0000'
System info: host: 'AKHIL', ip: '192.168.1.64', os.name: 'Windows 10', os.arch: 'amd64', os.version: '10.0', java.version: '1.8.0_121'
Driver info: org.openqa.selenium.firefox.FirefoxDriver
Capabilities [{rotatable=false, raisesAccessibilityExceptions=false, appBuildId=20170125094131, version=51.0.1, platform=XP, proxy={}, command_id=1, specificationLevel=0, acceptSslCerts=false, processId=372, browserVersion=51.0.1, platformVersion=10.0, XULappId={ec8030f7-c20a-464f-9b0e-13a3a9e97384}, browserName=firefox, takesScreenshot=true, takesElementScreenshot=true, platformName=windows_nt}]
Session ID: fbdb506f-e78a-4dab-b0d8-836527377958
*** Element info: {Using=tag name, value=td}
]]></system-out>
    <system-err><![CDATA[[Child 5736] ###!!! ABORT: Aborting on channel error.: file c:/builds/moz2_slave/m-rel-w32-00000000000000000000/build/src/ipc/glue/MessageChannel.cpp, line 2056
Mar 15, 2017 10:07:56 AM org.openqa.selenium.os.UnixProcess destroy
SEVERE: Unable to kill process with PID 3560
1489552676297	geckodriver	INFO	Listening on 127.0.0.1:28441
1489552676624	mozprofile::profile	INFO	Using profile path C:\Users\AKHIL\AppData\Local\Temp\rust_mozprofile.sj3PjC5lMfiW
1489552676632	geckodriver::marionette	INFO	Starting browser C:\Program Files (x86)\Mozilla Firefox\firefox.exe
1489552676644	geckodriver::marionette	INFO	Connecting to Marionette on localhost:51264
1489552679822	Marionette	INFO	Listening on port 51264
Mar 15, 2017 10:08:06 AM org.openqa.selenium.remote.ProtocolHandshake createSession
INFO: Detected dialect: W3C
1489552696559	Marionette	WARN	Using deprecated data structure for setting timeouts
1489552705107	Marionette	WARN	Using deprecated data structure for setting timeouts
1489552719820	Marionette	WARN	Using deprecated data structure for setting timeouts
]]></system-err>
  </testcase>
  <testcase name="Test5" classname="FirstMavenProject.FirstMavenProject.CreateTask" time="20.718">
    <failure message="fail to select item expected [true] but found [false]" type="java.lang.AssertionError">java.lang.AssertionError: fail to select item expected [true] but found [false]
	at FirstMavenProject.FirstMavenProject.CreateTask.Test5(CreateTask.java:106)
</failure>
    <system-out><![CDATA[label March 2017
org.openqa.selenium.ElementNotVisibleException: 
Build info: version: '3.3.1', revision: '5234b325d5', time: '2017-03-10 09:10:29 +0000'
System info: host: 'AKHIL', ip: '192.168.1.64', os.name: 'Windows 10', os.arch: 'amd64', os.version: '10.0', java.version: '1.8.0_121'
Driver info: org.openqa.selenium.firefox.FirefoxDriver
Capabilities [{rotatable=false, raisesAccessibilityExceptions=false, appBuildId=20170125094131, version=51.0.1, platform=XP, proxy={}, command_id=1, specificationLevel=0, acceptSslCerts=false, processId=10516, browserVersion=51.0.1, platformVersion=10.0, XULappId={ec8030f7-c20a-464f-9b0e-13a3a9e97384}, browserName=firefox, takesScreenshot=true, takesElementScreenshot=true, platformName=windows_nt}]
Session ID: 2772e8ba-8bba-45e0-8f2a-15eb7659a731
]]></system-out>
    <system-err><![CDATA[[Child 10676] ###!!! ABORT: Aborting on channel error.: file c:/builds/moz2_slave/m-rel-w32-00000000000000000000/build/src/ipc/glue/MessageChannel.cpp, line 2056
Mar 15, 2017 10:08:47 AM org.openqa.selenium.os.UnixProcess destroy
SEVERE: Unable to kill process with PID 11152
1489552727336	geckodriver	INFO	Listening on 127.0.0.1:7142
1489552727782	mozprofile::profile	INFO	Using profile path C:\Users\AKHIL\AppData\Local\Temp\rust_mozprofile.wzBWL8Z2vxEG
1489552727814	geckodriver::marionette	INFO	Starting browser C:\Program Files (x86)\Mozilla Firefox\firefox.exe
1489552727843	geckodriver::marionette	INFO	Connecting to Marionette on localhost:51521
1489552731226	Marionette	INFO	Listening on port 51521
Mar 15, 2017 10:08:57 AM org.openqa.selenium.remote.ProtocolHandshake createSession
INFO: Detected dialect: W3C
1489552747238	Marionette	WARN	Using deprecated data structure for setting timeouts
1489552756308	Marionette	WARN	Using deprecated data structure for setting timeouts
1489552762565	Marionette	WARN	Using deprecated data structure for setting timeouts
]]></system-err>
  </testcase>
  <testcase name="Test6" classname="FirstMavenProject.FirstMavenProject.CreateTask" time="30.786">
    <failure message="fail to select item expected [true] but found [false]" type="java.lang.AssertionError">java.lang.AssertionError: fail to select item expected [true] but found [false]
	at FirstMavenProject.FirstMavenProject.CreateTask.Test6(CreateTask.java:123)
</failure>
    <system-out><![CDATA[label March 2017
row count 11
column count 6
 
  April 2019
 
 
April 2019
 
 
column count 3
 
April 2019
 
column count 43
M
T
W
T
F
S
S
25
26
27
28
29
30
31
1
2
3
4
5
6
7
8
9
10
11
12
13
14
15
16
17
18
19
20
21
22
23
24
25
26
27
28
29
30
1
2
3
4
5
25
26
27
28
29
30
31
1
2
3
4
5
6
7
8
9
10
11
12
13
14
15
16
17
18
19
20
21
22
org.openqa.selenium.InvalidSelectorException: Given css selector expression "td" is invalid: TypeError: can't access dead object
For documentation on this error, please visit: http://seleniumhq.org/exceptions/invalid_selector_exception.html
Build info: version: '3.3.1', revision: '5234b325d5', time: '2017-03-10 09:10:29 +0000'
System info: host: 'AKHIL', ip: '192.168.1.64', os.name: 'Windows 10', os.arch: 'amd64', os.version: '10.0', java.version: '1.8.0_121'
Driver info: org.openqa.selenium.firefox.FirefoxDriver
Capabilities [{rotatable=false, raisesAccessibilityExceptions=false, appBuildId=20170125094131, version=51.0.1, platform=XP, proxy={}, command_id=1, specificationLevel=0, acceptSslCerts=false, processId=5912, browserVersion=51.0.1, platformVersion=10.0, XULappId={ec8030f7-c20a-464f-9b0e-13a3a9e97384}, browserName=firefox, takesScreenshot=true, takesElementScreenshot=true, platformName=windows_nt}]
Session ID: 72a4a640-e246-40ff-9a39-52de251dd0b5
*** Element info: {Using=tag name, value=td}
]]></system-out>
    <system-err><![CDATA[[Child 10136] ###!!! ABORT: Aborting on channel error.: file c:/builds/moz2_slave/m-rel-w32-00000000000000000000/build/src/ipc/glue/MessageChannel.cpp, line 2056
Mar 15, 2017 10:09:29 AM org.openqa.selenium.os.UnixProcess destroy
SEVERE: Unable to kill process with PID 8664
1489552770142	geckodriver	INFO	Listening on 127.0.0.1:14270
1489552770625	mozprofile::profile	INFO	Using profile path C:\Users\AKHIL\AppData\Local\Temp\rust_mozprofile.vsAAFlrH66px
1489552770633	geckodriver::marionette	INFO	Starting browser C:\Program Files (x86)\Mozilla Firefox\firefox.exe
1489552770645	geckodriver::marionette	INFO	Connecting to Marionette on localhost:51662
1489552774201	Marionette	INFO	Listening on port 51662
Mar 15, 2017 10:09:39 AM org.openqa.selenium.remote.ProtocolHandshake createSession
INFO: Detected dialect: W3C
1489552788702	Marionette	WARN	Using deprecated data structure for setting timeouts
1489552799535	Marionette	WARN	Using deprecated data structure for setting timeouts
1489552813958	Marionette	WARN	Using deprecated data structure for setting timeouts
]]></system-err>
  </testcase>
</testsuite>